0 info it worked if it ends with ok
1 verbose cli [ '/usr/local/Cellar/node/6.2.0/bin/node',
1 verbose cli   '/usr/local/bin/npm',
1 verbose cli   'start' ]
2 info using npm@3.8.9
3 info using node@v6.2.0
4 verbose run-script [ 'prestart', 'start', 'poststart' ]
5 info lifecycle node-producer@0.0.0~prestart: node-producer@0.0.0
6 silly lifecycle node-producer@0.0.0~prestart: no script for prestart, continuing
7 info lifecycle node-producer@0.0.0~start: node-producer@0.0.0
8 verbose lifecycle node-producer@0.0.0~start: unsafe-perm in lifecycle true
9 verbose lifecycle node-producer@0.0.0~start: PATH: /usr/local/lib/node_modules/npm/bin/node-gyp-bin:/Users/clement/Projects/sandbox/vertx-slides/2-vertx-examples/node/node_modules/.bin:/usr/local/Cellar/node/6.2.0/bin:/Users/clement/dev/openshift:/usr/local/bin:/usr/bin:/bin:/usr/sbin:/sbin:/opt/X11/bin:/Library/TeX/texbin:/Users/clement/dev/apache-release:/Users/clement/dev/script
10 verbose lifecycle node-producer@0.0.0~start: CWD: /Users/clement/Projects/sandbox/vertx-slides/2-vertx-examples/node
11 silly lifecycle node-producer@0.0.0~start: Args: [ '-c', 'node node-producer.js' ]
12 silly lifecycle node-producer@0.0.0~start: Returned: code: 1  signal: null
13 info lifecycle node-producer@0.0.0~start: Failed to exec start script
14 verbose stack Error: node-producer@0.0.0 start: `node node-producer.js`
14 verbose stack Exit status 1
14 verbose stack     at EventEmitter.<anonymous> (/usr/local/lib/node_modules/npm/lib/utils/lifecycle.js:245:16)
14 verbose stack     at emitTwo (events.js:106:13)
14 verbose stack     at EventEmitter.emit (events.js:191:7)
14 verbose stack     at ChildProcess.<anonymous> (/usr/local/lib/node_modules/npm/lib/utils/spawn.js:24:14)
14 verbose stack     at emitTwo (events.js:106:13)
14 verbose stack     at ChildProcess.emit (events.js:191:7)
14 verbose stack     at maybeClose (internal/child_process.js:850:16)
14 verbose stack     at Process.ChildProcess._handle.onexit (internal/child_process.js:215:5)
15 verbose pkgid node-producer@0.0.0
16 verbose cwd /Users/clement/Projects/sandbox/vertx-slides/2-vertx-examples/node
17 error Darwin 15.5.0
18 error argv "/usr/local/Cellar/node/6.2.0/bin/node" "/usr/local/bin/npm" "start"
19 error node v6.2.0
20 error npm  v3.8.9
21 error code ELIFECYCLE
22 error node-producer@0.0.0 start: `node node-producer.js`
22 error Exit status 1
23 error Failed at the node-producer@0.0.0 start script 'node node-producer.js'.
23 error Make sure you have the latest version of node.js and npm installed.
23 error If you do, this is most likely a problem with the node-producer package,
23 error not with npm itself.
23 error Tell the author that this fails on your system:
23 error     node node-producer.js
23 error You can get information on how to open an issue for this project with:
23 error     npm bugs node-producer
23 error Or if that isn't available, you can get their info via:
23 error     npm owner ls node-producer
23 error There is likely additional logging output above.
24 verbose exit [ 1, true ]
